<?xml version="1.0" encoding="UTF-8"?>
<testng-results skipped="0" failed="0" ignored="0" total="1" passed="1">
  <reporter-output>
  </reporter-output>
  <suite name="Default suite" duration-ms="991" started-at="2020-06-13T06:45:45Z" finished-at="2020-06-13T06:45:46Z">
    <groups>
    </groups>
    <test name="Default test" duration-ms="991" started-at="2020-06-13T06:45:45Z" finished-at="2020-06-13T06:45:46Z">
      <class name="ApiTest.AddDPApi3">
        <test-method status="PASS" signature="addBook()[pri:0, instance:ApiTest.AddDPApi3@2f686d1f]" name="addBook" duration-ms="978" started-at="2020-06-13T12:15:45Z" finished-at="2020-06-13T12:15:46Z">
          <reporter-output>
          </reporter-output>
        </test-method> <!-- addBook -->
      </class> <!-- ApiTest.AddDPApi3 -->
    </test> <!-- Default test -->
  </suite> <!-- Default suite -->
</testng-results>
